mkdir -p build
yowasp-yosys -q -p 'read_verilog rtl/ascon_round_comb.v rtl/ascon_aead128_kat_slow_core.v rtl/tangnano9k_ascon_aead128_kat_top.v; synth_gowin -top tangnano9k_ascon_aead128_kat_top -json build/tangnano9k_ascon_aead128_kat_top.json'
yowasp-nextpnr-himbaechel-gowin \
	--json build/tangnano9k_ascon_aead128_kat_top.json \
	--write build/tangnano9k_ascon_aead128_kat_top.pnr.json \
	--freq 27 \
	--device GW1NR-LV9QN88PC6/I5 \
	--vopt family=GW1N-9C \
	--vopt cst=tangnano9k_ascon_aead128_kat.cst
Info: Using uarch 'gowin' for device 'GW1NR-LV9QN88PC6/I5'

Info: Cell O_psram_ck[0] not found
Info: Cell O_psram_ck[1] not found
Info: Cell O_psram_ck_n[0] not found
Info: Cell O_psram_ck_n[1] not found
Info: Cell O_psram_cs_n[0] not found
Info: Cell O_psram_cs_n[1] not found
Info: Cell O_psram_reset_n[0] not found
Info: Cell O_psram_reset_n[1] not found
Info: Cell IO_psram_dq[0] not found
Info: Cell IO_psram_dq[1] not found
Info: Cell IO_psram_dq[2] not found
Info: Cell IO_psram_dq[3] not found
Info: Cell IO_psram_dq[4] not found
Info: Cell IO_psram_dq[5] not found
Info: Cell IO_psram_dq[6] not found
Info: Cell IO_psram_dq[7] not found
Info: Cell IO_psram_dq[8] not found
Info: Cell IO_psram_dq[9] not found
Info: Cell IO_psram_dq[10] not found
Info: Cell IO_psram_dq[11] not found
Info: Cell IO_psram_dq[12] not found
Info: Cell IO_psram_dq[13] not found
Info: Cell IO_psram_dq[14] not found
Info: Cell IO_psram_dq[15] not found
Info: Cell IO_psram_rwds[0] not found
Info: Cell IO_psram_rwds[1] not found
Info: Reading constraints...
Info: Create constant nets...
Info: Modify LUTs...
Info: Pack IOBs...
Info: Pack I3C IOs...
Info: Pack MIPI IOs...
Info: Pack diff IOBs...
Info: Pack FFs into IO cells...
Info: Pack IODELAY...
Info: Pack Input Edge Monitors...
Info: Pack IO logic...
Info: Pack DESER16 logic...
Info: Pack GSR...
Info: Pack HCLK cells...
Info: Pack DLLDLYs...
Info: Pack wide LUTs...
Info: Packed MUX2_LUT8:0, MUX2_LU7:2, MUX2_LUT6:1, MUX2_LUT5:226
Info: Pack ALUs...
Info: Pack SSRAMs...
Info: Constrained 488 LUTFF pairs.
Info: Pack PLL...
Info: Pack ADC...
Info: Pack BSRAMs...
Info: Pack DSP...
Info: Pack INV...
Info: Pack buffered nets...
Info: Pack EMCU and UserFlash cells...
Info: Pack UserFlash cells...
Info: Pack DQCE cells...
Info: Pack DCS cells...
Info: Checksum: 0xc81067e9

Info: Device utilisation:
Info: 	                 VCC:       1/      1   100%
Info: 	                 IOB:       8/    276     2%
Info: 	                LUT4:    1395/   8640    16%
Info: 	              OSER16:       0/     80     0%
Info: 	              IDES16:       0/     80     0%
Info: 	            IOLOGICI:       0/    276     0%
Info: 	            IOLOGICO:       0/    276     0%
Info: 	           MUX2_LUT5:     236/   4320     5%
Info: 	           MUX2_LUT6:       5/   2160     0%
Info: 	           MUX2_LUT7:       2/   1080     0%
Info: 	           MUX2_LUT8:       0/   1080     0%
Info: 	                 ALU:      32/   6480     0%
Info: 	                 GND:       1/      1   100%
Info: 	                 DFF:     702/   6480    10%
Info: 	           RAM16SDP4:       0/    270     0%
Info: 	               BSRAM:       0/     26     0%
Info: 	              ALU54D:       0/     10     0%
Info: 	     MULTADDALU18X18:       0/     10     0%
Info: 	        MULTALU18X18:       0/     10     0%
Info: 	        MULTALU36X18:       0/     10     0%
Info: 	           MULT36X36:       0/      5     0%
Info: 	           MULT18X18:       0/     20     0%
Info: 	             MULT9X9:       0/     40     0%
Info: 	              PADD18:       0/     20     0%
Info: 	               PADD9:       0/     40     0%
Info: 	                 GSR:       1/      1   100%
Info: 	                 OSC:       0/      1     0%
Info: 	                rPLL:       0/      2     0%
Info: 	           FLASH608K:       0/      1     0%
Info: 	                BUFG:       0/     22     0%
Info: 	                DQCE:       0/     24     0%
Info: 	                 DCS:       0/      8     0%
Info: 	               DHCEN:       0/     24     0%
Info: 	              CLKDIV:       0/      8     0%
Info: 	             CLKDIV2:       0/     16     0%
Info: 	           MIPI_IBUF:       0/     22     0%
Info: 	           MIPI_OBUF:       0/     20     0%

Info: Running custom HCLK placer...
Info: Placed 0 cells based on constraints.
Info: Creating initial analytic placement for 1336 cells, random placement wirelen = 52600.
Info:     at initial placer iter 0, wirelen = 323
Info:     at initial placer iter 1, wirelen = 249
Info:     at initial placer iter 2, wirelen = 239
Info:     at initial placer iter 3, wirelen = 237
Info: Running main analytical placer, max placement attempts per cell = 709836.
Info:     at iteration #1, type ALL: wirelen solved = 237, spread = 10733, legal = 16166; time = 0.46s
Info:     at iteration #2, type ALL: wirelen solved = 546, spread = 9494, legal = 14869; time = 0.40s
Info:     at iteration #3, type ALL: wirelen solved = 828, spread = 9627, legal = 13859; time = 0.38s
Info:     at iteration #4, type ALL: wirelen solved = 1254, spread = 8503, legal = 13530; time = 0.35s
Info:     at iteration #5, type ALL: wirelen solved = 1593, spread = 8573, legal = 14722; time = 0.53s
Info:     at iteration #6, type ALL: wirelen solved = 1738, spread = 8741, legal = 14447; time = 0.48s
Info:     at iteration #7, type ALL: wirelen solved = 1922, spread = 9136, legal = 13658; time = 0.46s
Info:     at iteration #8, type ALL: wirelen solved = 2342, spread = 9316, legal = 13266; time = 0.49s
Info:     at iteration #9, type ALL: wirelen solved = 3095, spread = 8358, legal = 13378; time = 0.37s
Info:     at iteration #10, type ALL: wirelen solved = 3231, spread = 10976, legal = 12322; time = 0.40s
Info:     at iteration #11, type ALL: wirelen solved = 3737, spread = 8545, legal = 13203; time = 0.36s
Info:     at iteration #12, type ALL: wirelen solved = 3681, spread = 9428, legal = 12300; time = 0.32s
Info:     at iteration #13, type ALL: wirelen solved = 4293, spread = 10966, legal = 11614; time = 0.48s
Info:     at iteration #14, type ALL: wirelen solved = 4648, spread = 9023, legal = 12388; time = 0.37s
Info:     at iteration #15, type ALL: wirelen solved = 5059, spread = 11522, legal = 11686; time = 0.68s
Info:     at iteration #16, type ALL: wirelen solved = 6206, spread = 8880, legal = 11238; time = 0.25s
Info:     at iteration #17, type ALL: wirelen solved = 5461, spread = 9407, legal = 11168; time = 0.40s
Info:     at iteration #18, type ALL: wirelen solved = 5817, spread = 10195, legal = 11066; time = 0.32s
Info:     at iteration #19, type ALL: wirelen solved = 5877, spread = 8923, legal = 11122; time = 0.28s
Info:     at iteration #20, type ALL: wirelen solved = 6166, spread = 9718, legal = 11167; time = 0.37s
Info:     at iteration #21, type ALL: wirelen solved = 6153, spread = 9047, legal = 11045; time = 0.25s
Info:     at iteration #22, type ALL: wirelen solved = 6214, spread = 9044, legal = 10724; time = 0.23s
Info:     at iteration #23, type ALL: wirelen solved = 6502, spread = 9192, legal = 10491; time = 0.26s
Info:     at iteration #24, type ALL: wirelen solved = 6670, spread = 9304, legal = 11597; time = 0.48s
Info:     at iteration #25, type ALL: wirelen solved = 6308, spread = 9371, legal = 10628; time = 0.27s
Info:     at iteration #26, type ALL: wirelen solved = 6949, spread = 8830, legal = 10313; time = 0.38s
Info:     at iteration #27, type ALL: wirelen solved = 6843, spread = 8276, legal = 10985; time = 0.34s
Info:     at iteration #28, type ALL: wirelen solved = 6731, spread = 8627, legal = 11085; time = 0.28s
Info:     at iteration #29, type ALL: wirelen solved = 6727, spread = 9085, legal = 10517; time = 0.41s
Info:     at iteration #30, type ALL: wirelen solved = 6820, spread = 8640, legal = 10536; time = 0.30s
Info:     at iteration #31, type ALL: wirelen solved = 6877, spread = 8638, legal = 10639; time = 0.20s
Info: HeAP Placer Time: 12.99s
Info:   of which solving equations: 5.65s
Info:   of which spreading cells: 0.41s
Info:   of which strict legalisation: 5.98s

Info: Running simulated annealing placer for refinement.
Info:   at iteration #1: temp = 0.000000, timing cost = 66, wirelen = 10313
Info:   at iteration #5: temp = 0.000000, timing cost = 24, wirelen = 9252
Info:   at iteration #10: temp = 0.000000, timing cost = 21, wirelen = 8851
Info:   at iteration #15: temp = 0.000000, timing cost = 20, wirelen = 8626
Info:   at iteration #15: temp = 0.000000, timing cost = 19, wirelen = 8630 
Info: SA placement time 7.17s

Info: Max frequency for clock 'u_core.clk': 129.27 MHz (PASS at 27.00 MHz)

Info: Slack histogram:
Info:  legend: * represents 2 endpoint(s)
Info:          + represents [1,2) endpoint(s)
Info: [ 29301,  29653) |+
Info: [ 29653,  30005) | 
Info: [ 30005,  30357) | 
Info: [ 30357,  30709) |+
Info: [ 30709,  31061) |*+
Info: [ 31061,  31413) |**+
Info: [ 31413,  31765) |***+
Info: [ 31765,  32117) |******+
Info: [ 32117,  32469) |**************+
Info: [ 32469,  32821) |*******************+
Info: [ 32821,  33173) |***********************+
Info: [ 33173,  33525) |************************+
Info: [ 33525,  33877) |****************+
Info: [ 33877,  34229) |*****************+
Info: [ 34229,  34581) |*******************+
Info: [ 34581,  34933) |**************************************+
Info: [ 34933,  35285) |************************************************************ 
Info: [ 35285,  35637) |*********************+
Info: [ 35637,  35989) |**************+
Info: [ 35989,  36341) |**************+
Info: Checksum: 0x8f3f7368
Info: Routing globals...
Info:     'u_core.clk' net was routed using global resources only.
Info:     'u_core.s_q_DFFCE_Q_73_CE_LUT4_F_I2[1]' is routed using segments.
Info:     'u_core.state_q[4]' is routed using segments.
Info:     'u_core.u_round.z4_LUT3_F_I2_LUT3_I2_F_LUT4_I3_F_MUX2_LUT5_I1_O_LUT3_F_I1_LUT2_I1_F_LUT4_I2_F' is routed using segments.
Info:     'u_core.s_q_DFFCE_Q_88_CE_LUT4_F_I2_LUT2_I1_F_LUT4_I3_1_F' is routed using segments.
Info:     'u_core.u_round.z3_LUT3_F_1_I1_LUT3_I0_F_LUT2_F_I1[1]' is routed using segments.

Info: Routing..
Info: Setting up routing queue.
Info: Routing 6967 arcs.
Info:            |   (re-)routed arcs  |   delta    | remaining|       time spent     |
Info:    IterCnt |  w/ripup   wo/ripup |  w/r  wo/r |      arcs| batch(sec) total(sec)|
Info:       1000 |      120        879 |  120   879 |      6118|       9.93       9.93|
Info:       2000 |      413       1509 |  293   630 |      5481|       3.63      13.56|
Info:       3000 |      546       2260 |  133   751 |      4683|       5.73      19.29|
Info:       4000 |      735       3022 |  189   762 |      3932|      10.90      30.19|
Info:       5000 |      969       3739 |  234   717 |      3317|       9.54      39.74|
Info:       6000 |     1244       4408 |  275   669 |      2683|       9.24      48.97|
Info:       7000 |     1623       5001 |  379   593 |      2217|      10.33      59.30|
Info:       8000 |     2053       5537 |  430   536 |      1837|      11.56      70.86|
Info:       9000 |     2493       6070 |  440   533 |      1531|      12.56      83.42|
Info:      10000 |     2997       6547 |  504   477 |      1297|      14.73      98.15|
Info:      11000 |     3515       7011 |  518   464 |      1082|      12.37     110.53|
Info:      12000 |     3977       7536 |  462   525 |       755|      12.02     122.54|
Info:      13000 |     4464       8037 |  487   501 |       526|      12.95     135.49|
Info:      14000 |     4990       8504 |  526   467 |       253|      14.07     149.56|
Info:      15000 |     5530       8956 |  540   452 |        78|      15.69     165.25|
Info:      15252 |     5648       9089 |  118   133 |         0|       4.32     169.57|
Info: Routing complete.
Info: Router1 time 169.57s
Info: Checksum: 0x2a55b57e

Info: Critical path report for clock 'u_core.clk' (posedge -> posedge):
Info:       type curr  total name
Info:   clk-to-q  0.46  0.46 Source u_core.u_round.z4_LUT3_F_I2_LUT3_I2_F_LUT4_I3_F_MUX2_LUT5_I1_O_LUT3_F_I1_LUT2_I1_F_LUT3_I1_F_DFFCE_CE_9.Q
Info:    routing  1.60  2.06 Net u_core.u_round.z4_LUT3_F_I2_LUT3_I2_F_LUT4_I3_F_MUX2_LUT5_I1_O_LUT3_F_I1_LUT2_I1_F_LUT3_I1_F_DFFCE_CE_9_Q[2] (5,11) -> (7,6)
Info:                          Sink u_core.u_round.z4_LUT3_F_I2_LUT3_I2_F_LUT4_I3_F_MUX2_LUT5_I1_O_LUT4_F_93_I2_MUX2_LUT5_O_2_I1_LUT4_F.I2
Info:                          Defined in:
Info:                               /share/gowin/cells_map.v:130.20-130.21
Info:      logic  0.82  2.88 Source u_core.u_round.z4_LUT3_F_I2_LUT3_I2_F_LUT4_I3_F_MUX2_LUT5_I1_O_LUT4_F_93_I2_MUX2_LUT5_O_2_I1_LUT4_F.F
Info:    routing  0.00  2.88 Net u_core.u_round.z4_LUT3_F_I2_LUT3_I2_F_LUT4_I3_F_MUX2_LUT5_I1_O_LUT4_F_93_I2_MUX2_LUT5_O_2_I1 (7,6) -> (7,6)
Info:                          Sink u_core.u_round.z4_LUT3_F_I2_LUT3_I2_F_LUT4_I3_F_MUX2_LUT5_I1_O_LUT4_F_93_I2_MUX2_LUT5_O_2.I1
Info:                          Defined in:
Info:                               /share/gowin/cells_map.v:151.13-151.15
Info:      logic  0.50  3.38 Source u_core.u_round.z4_LUT3_F_I2_LUT3_I2_F_LUT4_I3_F_MUX2_LUT5_I1_O_LUT4_F_93_I2_MUX2_LUT5_O_2.O
Info:    routing  1.85  5.23 Net u_core.u_round.z4_LUT3_F_I2_LUT3_I2_F_LUT4_I3_F_MUX2_LUT5_I1_O_LUT4_F_93_I2[1] (7,6) -> (10,3)
Info:                          Sink u_core.u_round.z4_LUT3_F_I2_LUT3_I2_F_LUT4_I3_F_MUX2_LUT5_I1_O_LUT4_F_124_I3_LUT4_F.I0
Info:                          Defined in:
Info:                               /share/gowin/cells_map.v:130.20-130.21
Info:      logic  1.03  6.26 Source u_core.u_round.z4_LUT3_F_I2_LUT3_I2_F_LUT4_I3_F_MUX2_LUT5_I1_O_LUT4_F_124_I3_LUT4_F.F
Info:    routing  0.48  6.74 Net u_core.u_round.z4_LUT3_F_I2_LUT3_I2_F_LUT4_I3_F_MUX2_LUT5_I1_O_LUT4_F_124_I3[3] (10,3) -> (10,3)
Info:                          Sink u_core.u_round.z4_LUT3_F_I2_LUT3_I2_F_LUT4_I3_F_MUX2_LUT5_I1_O_LUT4_F_124.I3
Info:                          Defined in:
Info:                               /share/gowin/cells_map.v:130.20-130.21
Info:      logic  0.62  7.37 Source u_core.u_round.z4_LUT3_F_I2_LUT3_I2_F_LUT4_I3_F_MUX2_LUT5_I1_O_LUT4_F_124.F
Info:    routing  0.00  7.37 Net u_core.u_round.z4_LUT3_F_I2_LUT3_I2_F_LUT4_I3_F_MUX2_LUT5_I1_O[113] (10,3) -> (10,3)
Info:                          Sink u_core.pt_full_xor_w_LUT1_F_19_I0_DFFCE_Q.D
Info:      setup  0.40  7.76 Source u_core.pt_full_xor_w_LUT1_F_19_I0_DFFCE_Q.D
Info: 3.84 ns logic, 3.93 ns routing

Info: Max frequency for clock 'u_core.clk': 128.78 MHz (PASS at 27.00 MHz)

Info: Slack histogram:
Info:  legend: * represents 1 endpoint(s)
Info:          + represents [1,1) endpoint(s)
Info: [ 29272,  29595) |*** 
Info: [ 29595,  29918) |*** 
Info: [ 29918,  30241) |****** 
Info: [ 30241,  30564) |******************************* 
Info: [ 30564,  30887) |******************** 
Info: [ 30887,  31210) |***************************************** 
Info: [ 31210,  31533) |******************************* 
Info: [ 31533,  31856) |********************** 
Info: [ 31856,  32179) |************************* 
Info: [ 32179,  32502) |********************** 
Info: [ 32502,  32825) |*********** 
Info: [ 32825,  33148) |******************** 
Info: [ 33148,  33471) |*************** 
Info: [ 33471,  33794) |*************** 
Info: [ 33794,  34117) |************************ 
Info: [ 34117,  34440) |*************************** 
Info: [ 34440,  34763) |************************************** 
Info: [ 34763,  35086) |******************************************** 
Info: [ 35086,  35409) |******************************************** 
Info: [ 35409,  35732) |****************************************** 

Info: Program finished normally.
gowin_pack -d GW1N-9C -o build/tangnano9k_ascon_aead128_kat_top.fs build/tangnano9k_ascon_aead128_kat_top.pnr.json
/home/user/Documents/uni/doha/pyrilascon/.venv-fpga/lib/python3.13/site-packages/apycula/bitmatrix.py:60: UserWarning: Numpy is not available, performance will be degraded.
  warnings.warn("Numpy is not available, performance will be degraded.")
